#
# There is insufficient memory for the Java Runtime Environment to continue.
# Native memory allocation (mmap) failed to map 268435456 bytes for G1 virtual space
# Possible reasons:
#   The system is out of physical RAM or swap space
#   The process is running with CompressedOops enabled, and the Java Heap may be blocking the growth of the native heap
# Possible solutions:
#   Reduce memory load on the system
#   Increase physical memory or swap space
#   Check if swap backing store is full
#   Decrease Java heap size (-Xmx/-Xms)
#   Decrease number of Java threads
#   Decrease Java thread stack sizes (-Xss)
#   Set larger code cache with -XX:ReservedCodeCacheSize=
#   JVM is running with Zero Based Compressed Oops mode in which the Java heap is
#     placed in the first 32GB address space. The Java Heap base address is the
#     maximum limit for the native heap growth. Please use -XX:HeapBaseMinAddress
#     to set the Java Heap base and to place the Java Heap above 32GB virtual address.
# This output file may be truncated or incomplete.
#
#  Out of Memory Error (os_windows.cpp:3603), pid=10792, tid=14692
#
# JRE version:  (21.0.9+7) (build )
# Java VM: Java HotSpot(TM) 64-Bit Server VM (21.0.9+7-LTS-338, mixed mode, sharing, tiered, compressed oops, compressed class ptrs, g1 gc, windows-amd64)
# No core dump will be written. Minidumps are not enabled by default on client versions of Windows
#

---------------  S U M M A R Y ------------

Command Line: 

Host: Intel(R) Core(TM) i5-4570 CPU @ 3.20GHz, 4 cores, 15G,  Windows 10 , 64 bit Build 19041 (10.0.19041.5915)
Time: Fri Feb 27 11:14:57 2026 elapsed time: 0.030740 seconds (0d 0h 0m 0s)

---------------  T H R E A D  ---------------

Current thread (0x000001a30c3bcfd0):  JavaThread "Unknown thread" [_thread_in_vm, id=14692, stack(0x000000638bc00000,0x000000638bd00000) (1024K)]

Stack: [0x000000638bc00000,0x000000638bd00000]
Native frames: (J=compiled Java code, j=interpreted, Vv=VM code, C=native code)
V  [jvm.dll+0x6cbf89]
V  [jvm.dll+0x858421]
V  [jvm.dll+0x85a94e]
V  [jvm.dll+0x85b023]
V  [jvm.dll+0x27ebc6]
V  [jvm.dll+0x6c8705]
V  [jvm.dll+0x6bd26a]
V  [jvm.dll+0x354a0a]
V  [jvm.dll+0x35c686]
V  [jvm.dll+0x3af79e]
V  [jvm.dll+0x3afa48]
V  [jvm.dll+0x328d1c]
V  [jvm.dll+0x32987b]
V  [jvm.dll+0x821739]
V  [jvm.dll+0x3bc481]
V  [jvm.dll+0x80a9b8]
V  [jvm.dll+0x45166e]
V  [jvm.dll+0x453261]
C  [jli.dll+0x52a3]
C  [ucrtbase.dll+0x21bb2]
C  [KERNEL32.DLL+0x17374]
C  [ntdll.dll+0x4cc91]


---------------  P R O C E S S  ---------------

Threads class SMR info:
_java_thread_list=0x00007ffdfbb0fc08, length=0, elements={
}

Java Threads: ( => current thread )
Total: 0

Other Threads:
  0x000001a30c41c140 WorkerThread "GC Thread#0"                     [id=18552, stack(0x000000638bd00000,0x000000638be00000) (1024K)]
  0x000001a30c42e0c0 ConcurrentGCThread "G1 Main Marker"            [id=5980, stack(0x000000638be00000,0x000000638bf00000) (1024K)]
  0x000001a30c42f280 WorkerThread "G1 Conc#0"                       [id=13132, stack(0x000000638bf00000,0x000000638c000000) (1024K)]

[error occurred during error reporting (printing all threads), id 0xc0000005, EXCEPTION_ACCESS_VIOLATION (0xc0000005) at pc=0x00007ffdfb27b4a7]
VM state: not at safepoint (not fully initialized)

VM Mutex/Monitor currently owned by a thread:  ([mutex/lock_event])
[0x00007ffdfbb80ef0] Heap_lock - owner thread: 0x000001a30c3bcfd0

Heap address: 0x0000000701400000, size: 4076 MB, Compressed Oops mode: Zero based, Oop shift amount: 3

CDS archive(s) mapped at: [0x0000000000000000-0x0000000000000000-0x0000000000000000), size 0, SharedBaseAddress: 0x0000000800000000, ArchiveRelocationMode: 1.
Narrow klass base: 0x0000000000000000, Narrow klass shift: 0, Narrow klass range: 0x0

GC Precious Log:
 CardTable entry size: 512
 Card Set container configuration: InlinePtr #cards 4 size 8 Array Of Cards #cards 16 size 48 Howl #buckets 8 coarsen threshold 3686 Howl Bitmap #cards 512 size 80 coarsen threshold 460 Card regions per heap region 1 cards per card region 4096

Heap:
 garbage-first heap   total 0K, used 0K [0x0000000701400000, 0x0000000800000000)
  region size 2048K, 0 young (0K), 0 survivors (0K)

[error occurred during error reporting (printing heap information), id 0xc0000005, EXCEPTION_ACCESS_VIOLATION (0xc0000005) at pc=0x00007ffdfb664ff9]
GC Heap History (0 events):
No events

Dll operation events (1 events):
Event: 0.024 Loaded shared library C:\Program Files\Java\jdk-21\bin\java.dll

Deoptimization events (0 events):
No events

Classes loaded (0 events):
No events

Classes unloaded (0 events):
No events

Classes redefined (0 events):
No events

Internal exceptions (0 events):
No events

ZGC Phase Switch (0 events):
No events

VM Operations (0 events):
No events

Events (0 events):
No events


Dynamic libraries:
0x00007ff79c580000 - 0x00007ff79c590000 	C:\Program Files\Java\jdk-21\bin\java.exe
0x00007ffe5e8f0000 - 0x00007ffe5eae8000 	C:\WINDOWS\SYSTEM32\ntdll.dll
0x00007ffe5d060000 - 0x00007ffe5d122000 	C:\WINDOWS\System32\KERNEL32.DLL
0x00007ffe5c330000 - 0x00007ffe5c626000 	C:\WINDOWS\System32\KERNELBASE.dll
0x00007ffe5c780000 - 0x00007ffe5c880000 	C:\WINDOWS\System32\ucrtbase.dll
0x00007ffe51bf0000 - 0x00007ffe51c09000 	C:\Program Files\Java\jdk-21\bin\jli.dll
0x00007ffe5e070000 - 0x00007ffe5e121000 	C:\WINDOWS\System32\ADVAPI32.dll
0x00007ffe5d140000 - 0x00007ffe5d1de000 	C:\WINDOWS\System32\msvcrt.dll
0x00007ffe51c10000 - 0x00007ffe51c2b000 	C:\Program Files\Java\jdk-21\bin\VCRUNTIME140.dll
0x00007ffe5d1e0000 - 0x00007ffe5d27f000 	C:\WINDOWS\System32\sechost.dll
0x00007ffe5e190000 - 0x00007ffe5e2b0000 	C:\WINDOWS\System32\RPCRT4.dll
0x00007ffe5c630000 - 0x00007ffe5c657000 	C:\WINDOWS\System32\bcrypt.dll
0x00007ffe5db20000 - 0x00007ffe5dcc1000 	C:\WINDOWS\System32\USER32.dll
0x00007ffe5c1e0000 - 0x00007ffe5c202000 	C:\WINDOWS\System32\win32u.dll
0x00007ffe5dcd0000 - 0x00007ffe5dcfb000 	C:\WINDOWS\System32\GDI32.dll
0x00007ffe5c660000 - 0x00007ffe5c779000 	C:\WINDOWS\System32\gdi32full.dll
0x00007ffe5c290000 - 0x00007ffe5c32d000 	C:\WINDOWS\System32\msvcp_win.dll
0x00007ffe52bd0000 - 0x00007ffe52e6b000 	C:\WINDOWS\WinSxS\amd64_microsoft.windows.common-controls_6595b64144ccf1df_6.0.19041.6456_none_60b8a6cb71f64256\COMCTL32.dll
0x00007ffe533e0000 - 0x00007ffe533ea000 	C:\WINDOWS\SYSTEM32\VERSION.dll
0x00007ffe5d280000 - 0x00007ffe5d2af000 	C:\WINDOWS\System32\IMM32.DLL
0x00007ffe519b0000 - 0x00007ffe519bc000 	C:\Program Files\Java\jdk-21\bin\vcruntime140_1.dll
0x00007ffe4f740000 - 0x00007ffe4f7ce000 	C:\Program Files\Java\jdk-21\bin\msvcp140.dll
0x00007ffdfaf40000 - 0x00007ffdfbc5d000 	C:\Program Files\Java\jdk-21\bin\server\jvm.dll
0x00007ffe5da50000 - 0x00007ffe5dabb000 	C:\WINDOWS\System32\WS2_32.dll
0x00007ffe52e70000 - 0x00007ffe52e97000 	C:\WINDOWS\SYSTEM32\WINMM.dll
0x00007ffe5bd30000 - 0x00007ffe5bd7b000 	C:\WINDOWS\SYSTEM32\POWRPROF.dll
0x00007ffe5bd10000 - 0x00007ffe5bd22000 	C:\WINDOWS\SYSTEM32\UMPDC.dll
0x00007ffe59e10000 - 0x00007ffe59e22000 	C:\WINDOWS\SYSTEM32\kernel.appcore.dll
0x00007ffe519a0000 - 0x00007ffe519aa000 	C:\Program Files\Java\jdk-21\bin\jimage.dll
0x00007ffe53180000 - 0x00007ffe53381000 	C:\WINDOWS\SYSTEM32\DBGHELP.DLL
0x00007ffe510f0000 - 0x00007ffe51124000 	C:\WINDOWS\SYSTEM32\dbgcore.DLL
0x00007ffe5c880000 - 0x00007ffe5c902000 	C:\WINDOWS\System32\bcryptPrimitives.dll
0x00007ffe4fcf0000 - 0x00007ffe4fd0f000 	C:\Program Files\Java\jdk-21\bin\java.dll

dbghelp: loaded successfully - version: 4.0.5 - missing functions: none
symbol engine: initialized successfully - sym options: 0x614 - pdb path: .;C:\Program Files\Java\jdk-21\bin;C:\WINDOWS\SYSTEM32;C:\WINDOWS\WinSxS\amd64_microsoft.windows.common-controls_6595b64144ccf1df_6.0.19041.6456_none_60b8a6cb71f64256;C:\Program Files\Java\jdk-21\bin\server

VM Arguments:
java_command: <unknown>
java_class_path (initial): <not set>
Launcher Type: SUN_STANDARD

[Global flags]
     intx CICompilerCount                          = 3                                         {product} {ergonomic}
     uint ConcGCThreads                            = 1                                         {product} {ergonomic}
     uint G1ConcRefinementThreads                  = 4                                         {product} {ergonomic}
   size_t G1HeapRegionSize                         = 2097152                                   {product} {ergonomic}
    uintx GCDrainStackTargetSize                   = 64                                        {product} {ergonomic}
   size_t InitialHeapSize                          = 268435456                                 {product} {ergonomic}
   size_t MarkStackSize                            = 4194304                                   {product} {ergonomic}
   size_t MaxHeapSize                              = 4273995776                                {product} {ergonomic}
   size_t MinHeapDeltaBytes                        = 2097152                                   {product} {ergonomic}
   size_t MinHeapSize                              = 8388608                                   {product} {ergonomic}
    uintx NonNMethodCodeHeapSize                   = 5832780                                {pd product} {ergonomic}
    uintx NonProfiledCodeHeapSize                  = 122912730                              {pd product} {ergonomic}
    uintx ProfiledCodeHeapSize                     = 122912730                              {pd product} {ergonomic}
    uintx ReservedCodeCacheSize                    = 251658240                              {pd product} {ergonomic}
     bool SegmentedCodeCache                       = true                                      {product} {ergonomic}
   size_t SoftMaxHeapSize                          = 4273995776                             {manageable} {ergonomic}
     bool UseCompressedOops                        = true                           {product lp64_product} {ergonomic}
     bool UseG1GC                                  = true                                      {product} {ergonomic}
     bool UseLargePagesIndividualAllocation        = false                                  {pd product} {ergonomic}

Logging:
Log output configuration:
 #0: stdout all=warning uptime,level,tags foldmultilines=false
 #1: stderr all=off uptime,level,tags foldmultilines=false

Environment Variables:
PATH=C:\Python314\Scripts\;C:\Python314\;C:\Program Files (x86)\NAT Service;C:\Program Files\Common Files\Oracle\Java\javapath;C:\oraclexe\app\oracle\product\11.2.0\server\bin;C:\WINDOWS\system32;C:\WINDOWS;C:\WINDOWS\System32\Wbem;C:\WINDOWS\System32\WindowsPowerShell\v1.0\;C:\WINDOWS\System32\OpenSSH\;C:\Program Files\Bandizip\;C:\Program Files\Java\jdk-21\bin;C:\Program Files\Git\cmd;C:\Program Files\nodejs\;C:\ProgramData\chocolatey\bin;C:\Users\6B\AppData\Local\Programs\Python\Python313\Scripts\;C:\Users\6B\AppData\Local\Programs\Python\Python313\;C:\Users\6B\AppData\Local\Microsoft\WindowsApps;C:\Users\6B\AppData\Local\Programs\Microsoft VS Code\bin;D:\flutter\bin;C:\Users\6B\AppData\Roaming\npm;C:\Program Files\nodejs;;C:\Program Files (x86)\ESTsoft\ALSee\x64
USERNAME=6B
OS=Windows_NT
PROCESSOR_IDENTIFIER=Intel64 Family 6 Model 60 Stepping 3, GenuineIntel
TMP=C:\Users\6B\AppData\Local\Temp
TEMP=C:\Users\6B\AppData\Local\Temp




Periodic native trim disabled

---------------  S Y S T E M  ---------------

OS:
 Windows 10 , 64 bit Build 19041 (10.0.19041.5915)
OS uptime: 1 days 22:21 hours

CPU: total 4 (initial active 4) (4 cores per cpu, 1 threads per core) family 6 model 60 stepping 3 microcode 0x27, cx8, cmov, fxsr, mmx, sse, sse2, sse3, ssse3, sse4.1, sse4.2, popcnt, lzcnt, tsc, tscinvbit, avx, avx2, aes, erms, clmul, bmi1, bmi2, fma, vzeroupper, clflush, rdtscp, f16c
Processor Information for all 4 processors :
  Max Mhz: 3201, Current Mhz: 3201, Mhz Limit: 3201

Memory: 4k page, system-wide physical 16303M (3480M free)
TotalPageFile size 25295M (AvailPageFile size 246M)
current process WorkingSet (physical memory assigned to process): 10M, peak: 10M
current process commit charge ("private bytes"): 52M, peak: 307M

vm_info: Java HotSpot(TM) 64-Bit Server VM (21.0.9+7-LTS-338) for windows-amd64 JRE (21.0.9+7-LTS-338), built on 2025-09-26T06:33:49Z by "mach5run" with MS VC++ 17.6 (VS2022)

END.
